\BOOKMARK [1][-]{section.1}{\376\377\000I\000n\000t\000r\000o\000d\000u\000c\000t\000i\000o\000n}{}% 1
\BOOKMARK [1][-]{section.2}{\376\377\000D\000a\000t\000a\000s\000e\000t}{}% 2
\BOOKMARK [1][-]{section.3}{\376\377\000P\000r\000e\000p\000r\000o\000c\000e\000s\000s\000i\000n\000g\000\040\000a\000n\000d\000\040\000D\000a\000t\000a\000\040\000A\000u\000g\000m\000e\000n\000t\000a\000t\000i\000o\000n}{}% 3
\BOOKMARK [1][-]{section.4}{\376\377\000T\000r\000a\000i\000n\000/\000V\000a\000l\000i\000d\000a\000t\000i\000o\000n\000/\000T\000e\000s\000t\000\040\000S\000p\000l\000i\000t}{}% 4
\BOOKMARK [1][-]{section.5}{\376\377\000S\000i\000m\000p\000l\000e\000\040\000C\000N\000N\000\040\000M\000o\000d\000e\000l\000\040\000a\000n\000d\000\040\000T\000r\000a\000i\000n\000i\000n\000g}{}% 5
\BOOKMARK [2][-]{subsection.5.1}{\376\377\000M\000o\000d\000e\000l\000\040\000T\000r\000a\000i\000n\000i\000n\000g\000\040\000M\000e\000t\000h\000o\000d\000o\000l\000o\000g\000y}{section.5}% 6
\BOOKMARK [3][-]{subsubsection.5.1.1}{\376\377\000H\000y\000p\000e\000r\000p\000a\000r\000a\000m\000e\000t\000e\000r\000\040\000S\000e\000a\000r\000c\000h\000\040\000S\000p\000a\000c\000e\000\040\000a\000n\000d\000\040\000S\000t\000r\000a\000t\000e\000g\000y}{subsection.5.1}% 7
\BOOKMARK [3][-]{subsubsection.5.1.2}{\376\377\000A\000r\000c\000h\000i\000t\000e\000c\000t\000u\000r\000e\000\040\000H\000y\000p\000e\000r\000p\000a\000r\000a\000m\000e\000t\000e\000r\000s\000\040\000\050\000G\000r\000i\000d\000\040\000S\000e\000a\000r\000c\000h\000\051}{subsection.5.1}% 8
\BOOKMARK [3][-]{subsubsection.5.1.3}{\376\377\000T\000r\000a\000i\000n\000i\000n\000g\000\040\000H\000y\000p\000e\000r\000p\000a\000r\000a\000m\000e\000t\000e\000r\000s\000\040\000\050\000R\000a\000n\000d\000o\000m\000\040\000S\000e\000a\000r\000c\000h\000\051}{subsection.5.1}% 9
\BOOKMARK [3][-]{subsubsection.5.1.4}{\376\377\000T\000r\000a\000i\000n\000i\000n\000g\000\040\000H\000y\000p\000e\000r\000p\000a\000r\000a\000m\000e\000t\000e\000r\000s\000\040\000\050\000L\000o\000g\000-\000U\000n\000i\000f\000o\000r\000m\000\051}{subsection.5.1}% 10
\BOOKMARK [3][-]{subsubsection.5.1.5}{\376\377\000R\000a\000y\000\040\000T\000u\000n\000e\000\040\000C\000o\000n\000f\000i\000g\000u\000r\000a\000t\000i\000o\000n\000\040\000a\000n\000d\000\040\000T\000r\000a\000i\000n\000i\000n\000g\000\040\000L\000o\000o\000p}{subsection.5.1}% 11
\BOOKMARK [2][-]{subsection.5.2}{\376\377\000R\000e\000s\000u\000l\000t\000s}{section.5}% 12
\BOOKMARK [1][-]{section.6}{\376\377\000M\000e\000d\000i\000u\000m\000\040\000C\000N\000N\000\040\000M\000o\000d\000e\000l\000\040\000a\000n\000d\000\040\000T\000r\000a\000i\000n\000i\000n\000g}{}% 13
\BOOKMARK [2][-]{subsection.6.1}{\376\377\000M\000e\000d\000i\000u\000m\000\040\000C\000N\000N\000\040\000\050\000M\000o\000d\000e\000l\000\040\0002\000\051\000\040\000a\000n\000d\000\040\000t\000r\000a\000i\000n\000i\000n\000g\000\040\000p\000r\000o\000c\000e\000d\000u\000r\000e}{section.6}% 14
\BOOKMARK [3][-]{subsubsection.6.1.1}{\376\377\000A\000r\000c\000h\000i\000t\000e\000c\000t\000u\000r\000e\000\040\000\050\000M\000e\000d\000i\000u\000m\000C\000N\000N\000\051}{subsection.6.1}% 15
\BOOKMARK [3][-]{subsubsection.6.1.2}{\376\377\000T\000r\000a\000i\000n\000i\000n\000g\000\040\000s\000e\000t\000u\000p}{subsection.6.1}% 16
\BOOKMARK [3][-]{subsubsection.6.1.3}{\376\377\000K\000-\000f\000o\000l\000d\000\040\000c\000r\000o\000s\000s\000-\000v\000a\000l\000i\000d\000a\000t\000i\000o\000n\000\040\000p\000r\000o\000t\000o\000c\000o\000l}{subsection.6.1}% 17
\BOOKMARK [2][-]{subsection.6.2}{\376\377\000R\000e\000s\000u\000l\000t\000s}{section.6}% 18
\BOOKMARK [1][-]{section.7}{\376\377\000R\000e\000s\000i\000d\000u\000a\000l\000\040\000C\000N\000N\000\040\000M\000o\000d\000e\000l\000\040\000a\000n\000d\000\040\000T\000r\000a\000i\000n\000i\000n\000g}{}% 19
\BOOKMARK [2][-]{subsection.7.1}{\376\377\000R\000e\000s\000i\000d\000u\000a\000l\000\040\000C\000N\000N\000\040\000\050\000M\000o\000d\000e\000l\000\040\0003\000\051\000\040\000a\000n\000d\000\040\000t\000r\000a\000i\000n\000i\000n\000g\000\040\000p\000r\000o\000c\000e\000d\000u\000r\000e}{section.7}% 20
\BOOKMARK [3][-]{subsubsection.7.1.1}{\376\377\000R\000e\000s\000i\000d\000u\000a\000l\000\040\000b\000l\000o\000c\000k\000s\000\040\000\050\000B\000a\000s\000i\000c\000B\000l\000o\000c\000k\000\051}{subsection.7.1}% 21
\BOOKMARK [3][-]{subsubsection.7.1.2}{\376\377\000A\000r\000c\000h\000i\000t\000e\000c\000t\000u\000r\000e\000\040\000\050\000R\000e\000s\000C\000N\000N\000\051}{subsection.7.1}% 22
\BOOKMARK [3][-]{subsubsection.7.1.3}{\376\377\000T\000r\000a\000i\000n\000i\000n\000g\000\040\000s\000e\000t\000u\000p}{subsection.7.1}% 23
\BOOKMARK [3][-]{subsubsection.7.1.4}{\376\377\000K\000-\000f\000o\000l\000d\000\040\000c\000r\000o\000s\000s\000-\000v\000a\000l\000i\000d\000a\000t\000i\000o\000n\000\040\000p\000r\000o\000t\000o\000c\000o\000l}{subsection.7.1}% 24
\BOOKMARK [2][-]{subsection.7.2}{\376\377\000R\000e\000s\000u\000l\000t\000s}{section.7}% 25
\BOOKMARK [1][-]{section.8}{\376\377\000D\000i\000s\000c\000u\000s\000s\000i\000o\000n\000\040\000a\000n\000d\000\040\000C\000o\000n\000c\000l\000u\000s\000i\000o\000n}{}% 26
\BOOKMARK [1][-]{section.9}{\376\377\000B\000i\000b\000l\000i\000o\000g\000r\000a\000p\000h\000y}{}% 27
